app/manifest-merger-release-report.txt
-- Merging decision tree log ---
manifest
ADDED from AndroidManifest.xml:16:1
	package
		ADDED from AndroidManifest.xml:17:5
		INJECTED from AndroidManifest.xml:0:0
		INJECTED from AndroidManifest.xml:0:0
	android:versionName
		INJECTED from AndroidManifest.xml:0:0
		INJECTED from AndroidManifest.xml:0:0
	xmlns:android
		ADDED from AndroidManifest.xml:16:11
	android:versionCode
		INJECTED from AndroidManifest.xml:0:0
		INJECTED from AndroidManifest.xml:0:0
uses-permission#android.permission.INTERNET
ADDED from AndroidManifest.xml:20:5
	android:name
		ADDED from AndroidManifest.xml:20:22
uses-permission#android.permission.READ_SYNC_SETTINGS
ADDED from AndroidManifest.xml:23:5
	android:name
		ADDED from AndroidManifest.xml:23:22
uses-permission#android.permission.WRITE_SYNC_SETTINGS
ADDED from AndroidManifest.xml:24:5
	android:name
		ADDED from AndroidManifest.xml:24:22
uses-permission#android.permission.AUTHENTICATE_ACCOUNTS
ADDED from AndroidManifest.xml:25:5
	android:name
		ADDED from AndroidManifest.xml:25:22
uses-permission#android.permission.ACCESS_NETWORK_STATE
ADDED from AndroidManifest.xml:28:5
	android:name
		ADDED from AndroidManifest.xml:28:22
uses-permission#android.permission.WAKE_LOCK
ADDED from AndroidManifest.xml:31:5
	android:name
		ADDED from AndroidManifest.xml:31:22
uses-permission#com.google.android.c2dm.permission.RECEIVE
ADDED from AndroidManifest.xml:32:5
	android:name
		ADDED from AndroidManifest.xml:32:22
permission#com.example.android.sunshine.app.permission.C2D_MESSAGE
ADDED from AndroidManifest.xml:34:5
	android:protectionLevel
		ADDED from AndroidManifest.xml:36:9
	android:name
		ADDED from AndroidManifest.xml:35:9
uses-permission#com.example.android.sunshine.app.permission.C2D_MESSAGE
ADDED from AndroidManifest.xml:38:5
	android:name
		ADDED from AndroidManifest.xml:38:22
uses-permission#android.permission.ACCESS_FINE_LOCATION
ADDED from AndroidManifest.xml:41:5
	android:name
		ADDED from AndroidManifest.xml:41:22
uses-permission#com.google.android.permission.PROVIDE_BACKGROUND
ADDED from AndroidManifest.xml:44:5
	android:name
		ADDED from AndroidManifest.xml:44:22
application
ADDED from AndroidManifest.xml:47:5
MERGED from com.android.support:gridlayout-v7:22.2.0:22:5
MERGED from com.android.support:support-v4:22.2.0:22:5
MERGED from com.android.support:cardview-v7:22.2.0:22:5
MERGED from com.android.support:appcompat-v7:22.2.0:22:5
MERGED from com.android.support:support-v4:22.2.0:22:5
MERGED from com.android.support:design:22.2.0:22:5
MERGED from com.android.support:appcompat-v7:22.2.0:22:5
MERGED from com.android.support:support-v4:22.2.0:22:5
MERGED from com.android.support:support-v4:22.2.0:22:5
MERGED from com.android.support:support-v4:22.2.0:22:5
MERGED from com.google.android.gms:play-services-gcm:7.5.0:19:5
MERGED from com.google.android.gms:play-services-base:7.5.0:20:5
MERGED from com.android.support:support-v4:22.2.0:22:5
MERGED from com.google.android.gms:play-services-wearable:7.5.0:19:5
MERGED from com.google.android.gms:play-services-base:7.5.0:20:5
MERGED from com.android.support:support-v4:22.2.0:22:5
MERGED from AndroidManifest.xml:4:5
	android:label
		ADDED from AndroidManifest.xml:50:9
	android:supportsRtl
		ADDED from AndroidManifest.xml:51:9
	android:allowBackup
		ADDED from AndroidManifest.xml:48:9
	android:icon
		ADDED from AndroidManifest.xml:49:9
	android:theme
		ADDED from AndroidManifest.xml:52:9
activity#com.example.android.sunshine.app.MainActivity
ADDED from AndroidManifest.xml:53:9
	android:label
		ADDED from AndroidManifest.xml:55:13
	android:theme
		ADDED from AndroidManifest.xml:56:13
	android:name
		ADDED from AndroidManifest.xml:54:13
intent-filter#android.intent.action.MAIN+android.intent.category.LAUNCHER
ADDED from AndroidManifest.xml:57:13
action#android.intent.action.MAIN
ADDED from AndroidManifest.xml:58:17
	android:name
		ADDED from AndroidManifest.xml:58:25
category#android.intent.category.LAUNCHER
ADDED from AndroidManifest.xml:60:17
	android:name
		ADDED from AndroidManifest.xml:60:27
activity#com.example.android.sunshine.app.DetailActivity
ADDED from AndroidManifest.xml:63:9
	android:label
		ADDED from AndroidManifest.xml:65:13
	android:parentActivityName
		ADDED from AndroidManifest.xml:66:13
	android:theme
		ADDED from AndroidManifest.xml:67:13
	android:name
		ADDED from AndroidManifest.xml:64:13
meta-data#android.support.PARENT_ACTIVITY
ADDED from AndroidManifest.xml:68:13
	android:value
		ADDED from AndroidManifest.xml:70:17
	android:name
		ADDED from AndroidManifest.xml:69:17
activity#com.example.android.sunshine.app.SettingsActivity
ADDED from AndroidManifest.xml:72:9
	android:label
		ADDED from AndroidManifest.xml:74:13
	android:parentActivityName
		ADDED from AndroidManifest.xml:75:13
	android:theme
		ADDED from AndroidManifest.xml:76:13
	android:name
		ADDED from AndroidManifest.xml:73:13
provider#com.example.android.sunshine.app.data.WeatherProvider
ADDED from AndroidManifest.xml:82:9
	android:authorities
		ADDED from AndroidManifest.xml:84:13
	android:syncable
		ADDED from AndroidManifest.xml:86:13
	android:exported
		ADDED from AndroidManifest.xml:85:13
	android:name
		ADDED from AndroidManifest.xml:83:13
service#com.example.android.sunshine.app.sync.SunshineAuthenticatorService
ADDED from AndroidManifest.xml:89:9
	android:name
		ADDED from AndroidManifest.xml:89:18
intent-filter#android.accounts.AccountAuthenticator
ADDED from AndroidManifest.xml:90:13
action#android.accounts.AccountAuthenticator
ADDED from AndroidManifest.xml:91:17
	android:name
		ADDED from AndroidManifest.xml:91:25
meta-data#android.accounts.AccountAuthenticator
ADDED from AndroidManifest.xml:94:13
	android:resource
		ADDED from AndroidManifest.xml:96:17
	android:name
		ADDED from AndroidManifest.xml:95:17
service#com.example.android.sunshine.app.sync.SunshineSyncService
ADDED from AndroidManifest.xml:100:9
	android:exported
		ADDED from AndroidManifest.xml:102:13
	android:name
		ADDED from AndroidManifest.xml:101:13
intent-filter#android.content.SyncAdapter
ADDED from AndroidManifest.xml:103:13
action#android.content.SyncAdapter
ADDED from AndroidManifest.xml:104:17
	android:name
		ADDED from AndroidManifest.xml:104:25
meta-data#android.content.SyncAdapter
ADDED from AndroidManifest.xml:107:13
	android:resource
		ADDED from AndroidManifest.xml:109:17
	android:name
		ADDED from AndroidManifest.xml:108:17
receiver#com.google.android.gms.gcm.GcmReceiver
ADDED from AndroidManifest.xml:113:9
	android:exported
		ADDED from AndroidManifest.xml:115:13
	android:permission
		ADDED from AndroidManifest.xml:116:13
	android:name
		ADDED from AndroidManifest.xml:114:13
intent-filter#com.example.android.sunshine.app+com.google.android.c2dm.intent.RECEIVE+com.google.android.c2dm.intent.REGISTRATION
ADDED from AndroidManifest.xml:117:13
action#com.google.android.c2dm.intent.RECEIVE
ADDED from AndroidManifest.xml:118:17
	android:name
		ADDED from AndroidManifest.xml:118:25
action#com.google.android.c2dm.intent.REGISTRATION
ADDED from AndroidManifest.xml:119:17
	android:name
		ADDED from AndroidManifest.xml:119:25
category#com.example.android.sunshine.app
ADDED from AndroidManifest.xml:121:17
	android:name
		ADDED from AndroidManifest.xml:121:27
service#com.example.android.sunshine.app.muzei.WeatherMuzeiSource
ADDED from AndroidManifest.xml:125:9
	android:label
		ADDED from AndroidManifest.xml:129:13
	android:icon
		ADDED from AndroidManifest.xml:128:13
	android:description
		ADDED from AndroidManifest.xml:127:13
	android:name
		ADDED from AndroidManifest.xml:126:13
intent-filter#com.google.android.apps.muzei.api.MuzeiArtSource
ADDED from AndroidManifest.xml:130:13
action#com.google.android.apps.muzei.api.MuzeiArtSource
ADDED from AndroidManifest.xml:131:17
	android:name
		ADDED from AndroidManifest.xml:131:25
meta-data#color
ADDED from AndroidManifest.xml:134:13
	android:value
		ADDED from AndroidManifest.xml:136:17
	android:name
		ADDED from AndroidManifest.xml:135:17
receiver#com.example.android.sunshine.app.widget.TodayWidgetProvider
ADDED from AndroidManifest.xml:139:9
	android:label
		ADDED from AndroidManifest.xml:141:13
	android:name
		ADDED from AndroidManifest.xml:140:13
intent-filter#android.appwidget.action.APPWIDGET_UPDATE+com.example.android.sunshine.app.ACTION_DATA_UPDATED
ADDED from AndroidManifest.xml:142:13
action#android.appwidget.action.APPWIDGET_UPDATE
ADDED from AndroidManifest.xml:143:17
	android:name
		ADDED from AndroidManifest.xml:143:25
action#com.example.android.sunshine.app.ACTION_DATA_UPDATED
ADDED from AndroidManifest.xml:144:17
	android:name
		ADDED from AndroidManifest.xml:144:25
meta-data#android.appwidget.provider
ADDED from AndroidManifest.xml:147:13
	android:resource
		ADDED from AndroidManifest.xml:149:17
	android:name
		ADDED from AndroidManifest.xml:148:17
service#com.example.android.sunshine.app.widget.TodayWidgetIntentService
ADDED from AndroidManifest.xml:152:9
	android:name
		ADDED from AndroidManifest.xml:152:18
receiver#com.example.android.sunshine.app.widget.DetailWidgetProvider
ADDED from AndroidManifest.xml:154:9
	android:enabled
		ADDED from AndroidManifest.xml:156:13
	android:label
		ADDED from AndroidManifest.xml:157:13
	android:name
		ADDED from AndroidManifest.xml:155:13
service#com.example.android.sunshine.app.widget.DetailWidgetRemoteViewsService
ADDED from AndroidManifest.xml:168:9
	android:enabled
		ADDED from AndroidManifest.xml:170:13
	android:exported
		ADDED from AndroidManifest.xml:171:13
	android:permission
		ADDED from AndroidManifest.xml:172:13
	android:name
		ADDED from AndroidManifest.xml:169:13
service#gcm.MyGcmListenerService
ADDED from AndroidManifest.xml:173:9
	android:exported
		ADDED from AndroidManifest.xml:175:13
	android:name
		ADDED from AndroidManifest.xml:174:13
intent-filter#com.google.android.c2dm.intent.RECEIVE
ADDED from AndroidManifest.xml:176:13
service#gcm.MyInstanceIDListenerService
ADDED from AndroidManifest.xml:180:9
	android:exported
		ADDED from AndroidManifest.xml:182:13
	android:name
		ADDED from AndroidManifest.xml:181:13
intent-filter#com.google.android.gms.iid.InstanceID
ADDED from AndroidManifest.xml:183:13
action#com.google.android.gms.iid.InstanceID
ADDED from AndroidManifest.xml:184:17
	android:name
		ADDED from AndroidManifest.xml:184:25
service#com.example.android.sunshine.app.gcm.RegistrationIntentService
ADDED from AndroidManifest.xml:187:9
	android:exported
		ADDED from AndroidManifest.xml:189:13
	android:name
		ADDED from AndroidManifest.xml:188:13
service#com.example.android.sunshine.app.DataLayerListenerService
ADDED from AndroidManifest.xml:190:9
	android:name
		ADDED from AndroidManifest.xml:190:18
intent-filter#com.google.android.gms.wearable.BIND_LISTENER
ADDED from AndroidManifest.xml:191:13
action#com.google.android.gms.wearable.BIND_LISTENER
ADDED from AndroidManifest.xml:192:17
	android:name
		ADDED from AndroidManifest.xml:192:25
uses-sdk
INJECTED from AndroidManifest.xml:0:0 reason: use-sdk injection requested
MERGED from com.android.support:gridlayout-v7:22.2.0:20:5
MERGED from com.android.support:support-v4:22.2.0:20:5
MERGED from com.android.support:cardview-v7:22.2.0:20:5
MERGED from com.android.support:appcompat-v7:22.2.0:20:5
MERGED from com.android.support:support-v4:22.2.0:20:5
MERGED from com.android.support:design:22.2.0:20:5
MERGED from com.android.support:appcompat-v7:22.2.0:20:5
MERGED from com.android.support:support-v4:22.2.0:20:5
MERGED from com.android.support:support-v4:22.2.0:20:5
MERGED from com.android.support:recyclerview-v7:22.2.0:20:5
MERGED from com.android.support:support-v4:22.2.0:20:5
MERGED from com.google.android.gms:play-services-gcm:7.5.0:18:5
MERGED from com.google.android.gms:play-services-base:7.5.0:18:5
MERGED from com.android.support:support-v4:22.2.0:20:5
MERGED from com.google.android.gms:play-services-wearable:7.5.0:18:5
MERGED from com.google.android.gms:play-services-base:7.5.0:18:5
MERGED from com.android.support:support-v4:22.2.0:20:5
MERGED from AndroidManifest.xml:3:13
	android:targetSdkVersion
		INJECTED from AndroidManifest.xml:0:0
		INJECTED from AndroidManifest.xml:0:0
	android:minSdkVersion
		INJECTED from AndroidManifest.xml:0:0
		INJECTED from AndroidManifest.xml:0:0
meta-data#com.google.android.gms.version
ADDED from com.google.android.gms:play-services-base:7.5.0:21:9
MERGED from com.google.android.gms:play-services-base:7.5.0:21:9
	android:value
		ADDED from com.google.android.gms:play-services-base:7.5.0:23:13
	android:name
		ADDED from com.google.android.gms:play-services-base:7.5.0:22:13
meta-data#com.google.android.wearable.beta.app
ADDED from AndroidManifest.xml:5:9
	android:resource
		ADDED from AndroidManifest.xml:6:20
	android:name
		ADDED from AndroidManifest.xml:5:20